<?xml version="1.0" encoding="UTF-8"?>
<testsuite name="agh.ics.oop.Vector2dTest" tests="9" skipped="0" failures="0" errors="0" timestamp="2021-11-03T22:11:51" hostname="DESKTOP-09OVITB" time="0.034">
  <properties/>
  <testcase name="upperRight()" classname="agh.ics.oop.Vector2dTest" time="0.019"/>
  <testcase name="equals()" classname="agh.ics.oop.Vector2dTest" time="0.002"/>
  <testcase name="precedes()" classname="agh.ics.oop.Vector2dTest" time="0.001"/>
  <testcase name="tostring()" classname="agh.ics.oop.Vector2dTest" time="0.005"/>
  <testcase name="follows()" classname="agh.ics.oop.Vector2dTest" time="0.001"/>
  <testcase name="lowerLeft()" classname="agh.ics.oop.Vector2dTest" time="0.001"/>
  <testcase name="opposite()" classname="agh.ics.oop.Vector2dTest" time="0.001"/>
  <testcase name="add()" classname="agh.ics.oop.Vector2dTest" time="0.001"/>
  <testcase name="substract()" classname="agh.ics.oop.Vector2dTest" time="0.001"/>
  <system-out><![CDATA[]]></system-out>
  <system-err><![CDATA[]]></system-err>
</testsuite>
