<?xml version="1.0" encoding="UTF-8"?>
<testsuite name="agh.ics.oop.AnimalTest" tests="2" skipped="0" failures="0" errors="0" timestamp="2021-11-04T13:44:51" hostname="DESKTOP-85LHJP6" time="0.041">
  <properties/>
  <testcase name="move()" classname="agh.ics.oop.AnimalTest" time="0.038"/>
  <testcase name="parse()" classname="agh.ics.oop.AnimalTest" time="0.001"/>
  <system-out><![CDATA[]]></system-out>
  <system-err><![CDATA[]]></system-err>
</testsuite>
