<?xml version="1.0" encoding="UTF-8"?>
<testsuite name="agh.ics.oop.SimulationEngineTest" tests="1" skipped="0" failures="0" errors="0" timestamp="2021-11-24T22:03:57" hostname="DESKTOP-09OVITB" time="0.046">
  <properties/>
  <testcase name="run()" classname="agh.ics.oop.SimulationEngineTest" time="0.046"/>
  <system-out><![CDATA[ y\x  0 1 2 3 4 5 6 7 8 9
  5: ---------------------
  4: | | | |^| | | | | | |
  3: | | |^| | | | | | | |
  2: | | | | | | | | | | |
  1: | | | | | | | | | | |
  0: | | | | | | | | | | |
 -1: ---------------------

 y\x  0 1 2 3 4 5 6 7 8 9
  5: ---------------------
  4: | | | | | | | | | | |
  3: | | |^|^| | | | | | |
  2: | | | | | | | | | | |
  1: | | | | | | | | | | |
  0: | | | | | | | | | | |
 -1: ---------------------

 y\x  0 1 2 3 4 5 6 7 8 9
  5: ---------------------
  4: | | | | | | | | | | |
  3: | | |>|^| | | | | | |
  2: | | | | | | | | | | |
  1: | | | | | | | | | | |
  0: | | | | | | | | | | |
 -1: ---------------------

 y\x  0 1 2 3 4 5 6 7 8 9
  5: ---------------------
  4: | | | | | | | | | | |
  3: | | |>|<| | | | | | |
  2: | | | | | | | | | | |
  1: | | | | | | | | | | |
  0: | | | | | | | | | | |
 -1: ---------------------

 y\x  0 1 2 3 4 5 6 7 8 9
  5: ---------------------
  4: | | | | | | | | | | |
  3: | | |>|<| | | | | | |
  2: | | | | | | | | | | |
  1: | | | | | | | | | | |
  0: | | | | | | | | | | |
 -1: ---------------------

 y\x  0 1 2 3 4 5 6 7 8 9
  5: ---------------------
  4: | | | | | | | | | | |
  3: | | |>|<| | | | | | |
  2: | | | | | | | | | | |
  1: | | | | | | | | | | |
  0: | | | | | | | | | | |
 -1: ---------------------

 y\x  0 1 2 3 4 5 6 7 8 9
  5: ---------------------
  4: | | | | | | | | | | |
  3: | | |v|<| | | | | | |
  2: | | | | | | | | | | |
  1: | | | | | | | | | | |
  0: | | | | | | | | | | |
 -1: ---------------------

 y\x  0 1 2 3 4 5 6 7 8 9
  5: ---------------------
  4: | | | | | | | | | | |
  3: | | |v|^| | | | | | |
  2: | | | | | | | | | | |
  1: | | | | | | | | | | |
  0: | | | | | | | | | | |
 -1: ---------------------

 y\x  0 1 2 3 4 5 6 7 8 9
  5: ---------------------
  4: | | | | | | | | | | |
  3: | | | |^| | | | | | |
  2: | | |v| | | | | | | |
  1: | | | | | | | | | | |
  0: | | | | | | | | | | |
 -1: ---------------------

 y\x  0 1 2 3 4 5 6 7 8 9
  5: ---------------------
  4: | | | |^| | | | | | |
  3: | | | | | | | | | | |
  2: | | |v| | | | | | | |
  1: | | | | | | | | | | |
  0: | | | | | | | | | | |
 -1: ---------------------

 y\x  0 1 2 3 4 5 6 7 8 9
  5: ---------------------
  4: | | | |^| | | | | | |
  3: | | | | | | | | | | |
  2: | | | | | | | | | | |
  1: | | |v| | | | | | | |
  0: | | | | | | | | | | |
 -1: ---------------------

 y\x  0 1 2 3 4 5 6 7 8 9
  5: ---------------------
  4: | | | |^| | | | | | |
  3: | | | | | | | | | | |
  2: | | | | | | | | | | |
  1: | | |v| | | | | | | |
  0: | | | | | | | | | | |
 -1: ---------------------

 y\x  0 1 2 3 4 5 6 7 8 9
  5: ---------------------
  4: | | | |^| | | | | | |
  3: | | | | | | | | | | |
  2: | | | | | | | | | | |
  1: | | | | | | | | | | |
  0: | | |v| | | | | | | |
 -1: ---------------------

 y\x  0 1 2 3 4 5 6 7 8 9
  5: ---------------------
  4: | | | |^| | | | | | |
  3: | | | | | | | | | | |
  2: | | | | | | | | | | |
  1: | | | | | | | | | | |
  0: | | |v| | | | | | | |
 -1: ---------------------

 y\x  0 1 2 3 4 5 6 7 8 9
  5: ---------------------
  4: | | | |^| | | | | | |
  3: | | | | | | | | | | |
  2: | | | | | | | | | | |
  1: | | | | | | | | | | |
  0: | | |v| | | | | | | |
 -1: ---------------------

 y\x  0 1 2 3 4 5 6 7 8 9
  5: ---------------------
  4: | | | |^| | | | | | |
  3: | | | | | | | | | | |
  2: | | | | | | | | | | |
  1: | | | | | | | | | | |
  0: | | |v| | | | | | | |
 -1: ---------------------

]]></system-out>
  <system-err><![CDATA[]]></system-err>
</testsuite>
